[Mon Dec 30 14:01:52 2013] install: bbding
[Mon Dec 30 14:01:54 2013] install: cabin
[Mon Dec 30 14:01:54 2013] install: changepage
[Mon Dec 30 14:01:54 2013] install: cmap
[Mon Dec 30 14:01:55 2013] install: ec
[Mon Dec 30 14:01:55 2013] install: etoolbox
[Mon Dec 30 14:01:55 2013] install: fancybox
[Mon Dec 30 14:01:55 2013] install: fancyvrb
[Mon Dec 30 14:01:55 2013] install: fontaxes
[Mon Dec 30 14:01:56 2013] install: framed
[Mon Dec 30 14:01:57 2013] install: helvetic
[Mon Dec 30 14:01:57 2013] install: inconsolata
[Mon Dec 30 14:01:58 2013] install: l3kernel
[Mon Dec 30 14:01:58 2013] install: l3packages
[Mon Dec 30 14:01:58 2013] install: mdframed
[Mon Dec 30 14:01:58 2013] install: mdwtools
[Mon Dec 30 14:01:59 2013] install: microtype
[Mon Dec 30 14:01:59 2013] install: ms
[Mon Dec 30 14:01:59 2013] install: multirow
[Mon Dec 30 14:02:00 2013] install: mweights
[Mon Dec 30 14:02:00 2013] install: needspace
[Mon Dec 30 14:02:00 2013] install: parskip
[Mon Dec 30 14:02:01 2013] install: pgf
[Mon Dec 30 14:02:01 2013] install: threeparttable
[Mon Dec 30 14:02:02 2013] install: times
[Mon Dec 30 14:02:02 2013] install: titlesec
[Mon Dec 30 14:02:02 2013] install: upquote
[Mon Dec 30 14:02:02 2013] install: url
[Mon Dec 30 14:02:03 2013] install: wrapfig
[Mon Dec 30 14:02:03 2013] install: xcolor
[Mon Dec 30 14:02:03 2013] install: xkeyval
