Automated TeX Live installation using profile: ../texlive.localized.profile
Loading http://get-software.net/systems/texlive/tlnet/tlpkg/texlive.tlpdb
Installing TeX Live 2013 from: http://get-software.net/systems/texlive/tlnet
Platform: x86_64-linux => 'x86_64 with GNU/Linux'
Distribution: net  (downloading)
Using URL: http://get-software.net/systems/texlive/tlnet
Directory for temporary files: /tmp
Installer revision: 31659
Database revision: 32502
Settings:
  TEXDIR: "/home/travis/build/spacetelescope/understanding-json-schema/texlive"
  TEXMFCONFIG: "~/.texlive2013/texmf-config"
  TEXMFHOME: "/home/travis/build/spacetelescope/understanding-json-schema/texlive/texmf"
  TEXMFLOCAL: "/home/travis/build/spacetelescope/understanding-json-schema/texlive/texmf-local"
  TEXMFSYSCONFIG: "/home/travis/build/spacetelescope/understanding-json-schema/texlive/texmf-config"
  TEXMFSYSVAR: "/home/travis/build/spacetelescope/understanding-json-schema/texlive/texmf-var"
  TEXMFVAR: "~/.texlive2013/texmf-var"
  binary_alpha-linux: "0"
  binary_amd64-freebsd: "0"
  binary_amd64-kfreebsd: "0"
  binary_amd64-netbsd: "0"
  binary_armel-linux: "0"
  binary_armhf-linux: "0"
  binary_i386-cygwin: "0"
  binary_i386-freebsd: "0"
  binary_i386-kfreebsd: "0"
  binary_i386-linux: "0"
  binary_i386-netbsd: "0"
  binary_i386-solaris: "0"
  binary_mips-irix: "0"
  binary_mipsel-linux: "0"
  binary_powerpc-linux: "0"
  binary_sparc-solaris: "0"
  binary_universal-darwin: "0"
  binary_win32: "0"
  binary_x86_64-darwin: "0"
  binary_x86_64-linux: "1"
  binary_x86_64-solaris: "0"
  collection-basic: "1"
  collection-bibtexextra: "0"
  collection-binextra: "0"
  collection-context: "0"
  collection-fontsextra: "0"
  collection-fontsrecommended: "0"
  collection-fontutils: "0"
  collection-formatsextra: "0"
  collection-games: "0"
  collection-genericextra: "0"
  collection-genericrecommended: "0"
  collection-htmlxml: "0"
  collection-humanities: "0"
  collection-langafrican: "0"
  collection-langarabic: "0"
  collection-langcjk: "0"
  collection-langcyrillic: "0"
  collection-langczechslovak: "0"
  collection-langenglish: "0"
  collection-langeuropean: "0"
  collection-langfrench: "0"
  collection-langgerman: "0"
  collection-langgreek: "0"
  collection-langindic: "0"
  collection-langitalian: "0"
  collection-langother: "0"
  collection-langpolish: "0"
  collection-langportuguese: "0"
  collection-langspanish: "0"
  collection-latex: "1"
  collection-latexextra: "0"
  collection-latexrecommended: "0"
  collection-luatex: "0"
  collection-mathextra: "0"
  collection-metapost: "0"
  collection-music: "0"
  collection-omega: "0"
  collection-pictures: "0"
  collection-plainextra: "0"
  collection-pstricks: "0"
  collection-publishers: "0"
  collection-science: "0"
  collection-texworks: "0"
  collection-wintools: "0"
  collection-xetex: "0"
  doc_splitting_supported: "1"
  in_place: "0"
  inst_platform: "x86_64-linux"
  n_collections_available: "45"
  n_collections_selected: "44"
  n_systems_available: "21"
  n_systems_selected: "1"
  option_adjustrepo: "1"
  option_autobackup: "1"
  option_backupdir: "tlpkg/backups"
  option_desktop_integration: "1"
  option_doc: "0"
  option_file_assocs: "1"
  option_fmt: "0"
  option_letter: "1"
  option_menu_integration: "1"
  option_path: "0"
  option_post_code: "1"
  option_src: "0"
  option_sys_bin: "/usr/local/bin"
  option_sys_info: "/usr/local/share/info"
  option_sys_man: "/usr/local/share/man"
  option_w32_multi_user: "0"
  option_write18_restricted: "1"
  portable: "0"
  selected_scheme: "scheme-basic"
  src_splitting_supported: "1"
  this_platform: "x86_64-linux"
  total_size: "0"
Installing to: /home/travis/build/spacetelescope/understanding-json-schema/texlive
Installing [01/82, time/total: ??:??/??:??]: ae [56k]
Installing [02/82, time/total: 00:02/06:46]: amscls [33k]
Installing [03/82, time/total: 00:03/06:25]: amsfonts [3542k]
Installing [04/82, time/total: 00:05/00:15]: amsmath [29k]
Installing [05/82, time/total: 00:05/00:15]: babel [22k]
Installing [06/82, time/total: 00:05/00:15]: babel-english [3k]
Installing [07/82, time/total: 00:05/00:15]: babelbib [26k]
Installing [08/82, time/total: 00:06/00:18]: bibtex [13k]
Installing [09/82, time/total: 00:06/00:18]: bibtex.x86_64-linux [69k]
Installing [10/82, time/total: 00:06/00:18]: carlisle [12k]
Installing [11/82, time/total: 00:06/00:17]: cm [236k]
Installing [12/82, time/total: 00:07/00:19]: collection-basic [1k]
Installing [13/82, time/total: 00:07/00:19]: collection-latex [1k]
Installing [14/82, time/total: 00:08/00:22]: colortbl [4k]
Installing [15/82, time/total: 00:08/00:22]: dvipdfmx [27k]
Installing [16/82, time/total: 00:08/00:22]: dvipdfmx-def [3k]
Installing [17/82, time/total: 00:08/00:22]: dvipdfmx.x86_64-linux [329k]
Installing [18/82, time/total: 00:09/00:23]: dvips [125k]
Installing [19/82, time/total: 00:09/00:22]: dvips.x86_64-linux [137k]
Installing [20/82, time/total: 00:10/00:24]: enctex [24k]
Installing [21/82, time/total: 00:10/00:24]: etex [12k]
Installing [22/82, time/total: 00:11/00:26]: etex-pkg [5k]
Installing [23/82, time/total: 00:11/00:26]: fancyhdr [9k]
Installing [24/82, time/total: 00:11/00:26]: fix2col [3k]
Installing [25/82, time/total: 00:11/00:26]: geometry [9k]
Installing [26/82, time/total: 00:11/00:26]: glyphlist [25k]
Installing [27/82, time/total: 00:12/00:28]: graphics [13k]
Installing [28/82, time/total: 00:12/00:28]: gsftopk [4k]
Installing [29/82, time/total: 00:12/00:28]: gsftopk.x86_64-linux [38k]
Installing [30/82, time/total: 00:12/00:28]: hyperref [105k]
Installing [31/82, time/total: 00:13/00:30]: hyph-utf8 [999k]
Installing [32/82, time/total: 00:14/00:27]: hyphen-base [22k]
Installing [33/82, time/total: 00:14/00:26]: ifluatex [3k]
Installing [34/82, time/total: 00:14/00:26]: ifxetex [2k]
Installing [35/82, time/total: 00:15/00:28]: kpathsea [30k]
Installing [36/82, time/total: 00:15/00:28]: kpathsea.x86_64-linux [45k]
Installing [37/82, time/total: 00:15/00:28]: latex [146k]
Installing [38/82, time/total: 00:16/00:29]: latex-bin [1k]
Installing [39/82, time/total: 00:16/00:29]: latex-bin.x86_64-linux [1k]
Installing [40/82, time/total: 00:16/00:29]: latex-fonts [18k]
Installing [41/82, time/total: 00:17/00:31]: latexconfig [8k]
Installing [42/82, time/total: 00:17/00:31]: ltxmisc [16k]
Installing [43/82, time/total: 00:17/00:31]: lua-alt-getopt [2k]
Installing [44/82, time/total: 00:17/00:31]: luatex [13k]
Installing [45/82, time/total: 00:17/00:31]: luatex.x86_64-linux [2326k]
Installing [46/82, time/total: 00:19/00:25]: makeindex [3k]
Installing [47/82, time/total: 00:19/00:25]: makeindex.x86_64-linux [46k]
Installing [48/82, time/total: 00:19/00:25]: metafont [36k]
Installing [49/82, time/total: 00:20/00:26]: metafont.x86_64-linux [189k]
Installing [50/82, time/total: 00:20/00:25]: mflogo [21k]
Installing [51/82, time/total: 00:21/00:27]: mfnfss [2k]
Installing [52/82, time/total: 00:21/00:27]: mfware [5k]
Installing [53/82, time/total: 00:21/00:27]: mfware.x86_64-linux [116k]
Installing [54/82, time/total: 00:21/00:26]: misc [42k]
Installing [55/82, time/total: 00:22/00:27]: mptopdf [39k]
Installing [56/82, time/total: 00:22/00:27]: mptopdf.x86_64-linux [1k]
Installing [57/82, time/total: 00:22/00:27]: natbib [17k]
Installing [58/82, time/total: 00:23/00:28]: oberdiek [222k]
Installing [59/82, time/total: 00:23/00:28]: pdftex [120k]
Installing [60/82, time/total: 00:24/00:29]: pdftex-def [14k]
Installing [61/82, time/total: 00:24/00:29]: pdftex.x86_64-linux [629k]
Installing [62/82, time/total: 00:25/00:28]: plain [42k]
Installing [63/82, time/total: 00:25/00:28]: pslatex [6k]
Installing [64/82, time/total: 00:26/00:29]: psnfss [12k]
Installing [65/82, time/total: 00:26/00:29]: pspicture [2k]
Installing [66/82, time/total: 00:26/00:29]: tetex [50k]
Installing [67/82, time/total: 00:26/00:29]: tetex.x86_64-linux [1k]
Installing [68/82, time/total: 00:27/00:30]: tex [1k]
Installing [69/82, time/total: 00:27/00:30]: tex.x86_64-linux [168k]
Installing [70/82, time/total: 00:27/00:29]: texconfig [13k]
Installing [71/82, time/total: 00:27/00:29]: texconfig.x86_64-linux [1k]
Installing [72/82, time/total: 00:28/00:30]: texlive-common [1k]
Installing [73/82, time/total: 00:28/00:30]: texlive-docindex [108k]
Installing [74/82, time/total: 00:28/00:30]: texlive-en [1k]
Installing [75/82, time/total: 00:28/00:30]: texlive-msg-translations [104k]
Installing [76/82, time/total: 00:29/00:31]: texlive-scripts [62k]
Installing [77/82, time/total: 00:29/00:31]: texlive-scripts.x86_64-linux [1k]
Installing [78/82, time/total: 00:30/00:32]: texlive.infra [205k]
Installing [79/82, time/total: 00:30/00:31]: texlive.infra.x86_64-linux [81k]
Installing [80/82, time/total: 00:31/00:32]: tools [37k]
Installing [81/82, time/total: 00:31/00:32]: xdvi [7k]
Installing [82/82, time/total: 00:31/00:32]: xdvi.x86_64-linux [467k]
Time used for installing the packages: 00:32
running mktexlsr /home/travis/build/spacetelescope/understanding-json-schema/texlive/texmf-dist ...
writing fmtutil.cnf to /home/travis/build/spacetelescope/understanding-json-schema/texlive/texmf-var/web2c/fmtutil.cnf
writing updmap.cfg to /home/travis/build/spacetelescope/understanding-json-schema/texlive/texmf-dist/web2c/updmap.cfg
writing language.dat to /home/travis/build/spacetelescope/understanding-json-schema/texlive/texmf-var/tex/generic/config/language.dat
writing language.def to /home/travis/build/spacetelescope/understanding-json-schema/texlive/texmf-var/tex/generic/config/language.def
writing language.dat.lua to /home/travis/build/spacetelescope/understanding-json-schema/texlive/texmf-var/tex/generic/config/language.dat.lua
running mktexlsr /home/travis/build/spacetelescope/understanding-json-schema/texlive/texmf-var /home/travis/build/spacetelescope/understanding-json-schema/texlive/texmf-config /home/travis/build/spacetelescope/understanding-json-schema/texlive/texmf-dist ...
running updmap-sys...updmap is using the following updmap.cfg files (in precedence order):
  /home/travis/build/spacetelescope/understanding-json-schema/texlive/texmf-dist/web2c/updmap.cfg
updmap is using the following updmap.cfg file for writing changes:
  /home/travis/build/spacetelescope/understanding-json-schema/texlive/texmf-config/web2c/updmap.cfg
dvips output dir: "/home/travis/build/spacetelescope/understanding-json-schema/texlive/texmf-var/fonts/map/dvips/updmap"
pdftex output dir: "/home/travis/build/spacetelescope/understanding-json-schema/texlive/texmf-var/fonts/map/pdftex/updmap"
dvipdfmx output dir: "/home/travis/build/spacetelescope/understanding-json-schema/texlive/texmf-var/fonts/map/dvipdfmx/updmap"

updmap is creating new map files
using the following configuration:
  LW35 font names                  : URWkb (/home/travis/build/spacetelescope/understanding-json-schema/texlive/texmf-dist/web2c/updmap.cfg)
  prefer outlines                  : true (/home/travis/build/spacetelescope/understanding-json-schema/texlive/texmf-dist/web2c/updmap.cfg)
  texhash enabled                  : false
  download standard fonts (dvips)  : true (/home/travis/build/spacetelescope/understanding-json-schema/texlive/texmf-dist/web2c/updmap.cfg)
  download standard fonts (pdftex) : true (/home/travis/build/spacetelescope/understanding-json-schema/texlive/texmf-dist/web2c/updmap.cfg)
  kanjiEmbed replacement string    : noEmbed (/home/travis/build/spacetelescope/understanding-json-schema/texlive/texmf-dist/web2c/updmap.cfg)
  kanjiVariant replacement string  :  (default)
  create a mapfile for pxdvi       : false (default)

Scanning for LW35 support files  [  3 files]
Scanning for MixedMap entries    [  7 files]
Scanning for KanjiMap entries    [  0 files]
Scanning for Map entries         [  6 files]

Generating output for dvipdfmx...
Generating output for ps2pk...
Generating output for dvips...
Generating output for pdftex...

Files generated:
  /home/travis/build/spacetelescope/understanding-json-schema/texlive/texmf-var/fonts/map/dvips/updmap:
       15884 2013-12-30 14:01:48 builtin35.map
       21357 2013-12-30 14:01:48 download35.map
       23984 2013-12-30 14:01:48 psfonts_pk.map
       28071 2013-12-30 14:01:48 psfonts_t1.map
       28066 2013-12-30 14:01:48 ps2pk.map
          14 2013-12-30 14:01:48 psfonts.map -> psfonts_t1.map
  /home/travis/build/spacetelescope/understanding-json-schema/texlive/texmf-var/fonts/map/pdftex/updmap:
       28073 2013-12-30 14:01:48 pdftex_dl14.map
       26408 2013-12-30 14:01:48 pdftex_ndl14.map
          15 2013-12-30 14:01:48 pdftex.map -> pdftex_dl14.map
  /home/travis/build/spacetelescope/understanding-json-schema/texlive/texmf-var/fonts/map/dvipdfmx/updmap:
         407 2013-12-30 14:01:48 kanjix.map

Transcript written on "/home/travis/build/spacetelescope/understanding-json-schema/texlive/texmf-var/web2c/updmap.log".
done
setting default paper size to letter
/home/travis/build/spacetelescope/understanding-json-schema/texlive/bin/x86_64-linux/tlmgr: setting paper size for dvipdfmx to letter.
/home/travis/build/spacetelescope/understanding-json-schema/texlive/bin/x86_64-linux/tlmgr: setting paper size for dvips to letter.
/home/travis/build/spacetelescope/understanding-json-schema/texlive/bin/x86_64-linux/tlmgr: setting paper size for pdftex to letter.
/home/travis/build/spacetelescope/understanding-json-schema/texlive/bin/x86_64-linux/tlmgr: setting paper size for xdvi to letter.
re-running mktexlsr /home/travis/build/spacetelescope/understanding-json-schema/texlive/texmf-var /home/travis/build/spacetelescope/understanding-json-schema/texlive/texmf-config...
running package-specific postactions
postaction install script for dvipdfmx: perl /home/travis/build/spacetelescope/understanding-json-schema/texlive/tlpkg/tlpostcode/dvipdfmx.pl
finished with package-specific postactions
